This file contains any messages produced by compilers while
running configure, to aid debugging if configure makes a mistake.

It was created by newlib configure 4.1.0, which was
generated by GNU Autoconf 2.68.  Invocation command line was

  $ /Users/siddharth/Code/rust/os64/userland/newlib-4.1.0/newlib/configure --srcdir=../../../newlib-4.1.0/newlib --cache-file=./config.cache --with-newlib --enable-multilib --with-cross-host=x86_64-apple-darwin22.0.0 --prefix=/ --program-transform-name=s&^&x86_64-sidos-& --disable-option-checking --with-target-subdir=x86_64-sidos --build=x86_64-apple-darwin22.0.0 --host=x86_64-sidos --target=x86_64-sidos

## --------- ##
## Platform. ##
## --------- ##

hostname = Siddharths-MacBook-Pro.local
uname -m = x86_64
uname -r = 22.0.0
uname -s = Darwin
uname -v = Darwin Kernel Version 22.0.0: Tue Jun 28 20:47:52 PDT 2022; root:xnu-8792.0.134.131.2~1/RELEASE_X86_64

/usr/bin/uname -p = i386
/bin/uname -X     = unknown

/bin/arch              = unknown
/usr/bin/arch -k       = unknown
/usr/convex/getsysinfo = unknown
/usr/bin/hostinfo      = Mach kernel version:
	 Darwin Kernel Version 22.0.0: Tue Jun 28 20:47:52 PDT 2022; root:xnu-8792.0.134.131.2~1/RELEASE_X86_64
Kernel configured for up to 8 processors.
4 processors are physically available.
8 processors are logically available.
Processor type: x86_64h (Intel x86-64h Haswell)
Processors active: 0 1 2 3 4 5 6 7
Primary memory available: 8.00 gigabytes
Default processor set: 617 tasks, 2921 threads, 8 processors
Load average: 2.36, Mach factor: 5.62
/bin/machine           = unknown
/usr/bin/oslevel       = unknown
/bin/universe          = unknown

PATH: ~/cross/bin
PATH: /usr/local/opt/python@3.8/bin
PATH: /usr/local/opt/openjdk/bin
PATH: /usr/local/opt/binutils/bin
PATH: /usr/local/opt/flex/bin
PATH: /usr/local/opt/bison/bin
PATH: /usr/local/opt/python@3.8/bin
PATH: /usr/local/opt/python@3.8/bin
PATH: /usr/local/sbin
PATH: /usr/local/bin
PATH: /System/Cryptexes/App/usr/bin
PATH: /usr/bin
PATH: /bin
PATH: /usr/sbin
PATH: /sbin
PATH: /Applications/VMware Fusion.app/Contents/Public
PATH: /usr/local/share/dotnet
PATH: ~/.dotnet/tools
PATH: /Library/Apple/usr/bin
PATH: /Library/Frameworks/Mono.framework/Versions/Current/Commands
PATH: /Applications/Wireshark.app/Contents/MacOS
PATH: /Users/siddharth/.cargo/bin
PATH: /usr/local/bin
PATH: /Users/siddharth/Code/go/bin
PATH: /usr/local/opt/mongodb-community@4.0/bin
PATH: /Users/siddharth/.fzf/bin


## ----------- ##
## Core tests. ##
## ----------- ##

configure:2142: creating cache ./config.cache
configure:2539: checking build system type
configure:2553: result: x86_64-apple-darwin22.0.0
configure:2573: checking host system type
configure:2586: result: x86_64-pc-sidos
configure:2622: checking for a BSD-compatible install
configure:2690: result: /usr/local/bin/ginstall -c
configure:2701: checking whether build environment is sane
configure:2751: result: yes
configure:2800: checking for x86_64-sidos-strip
configure:2827: result: x86_64-sidos-strip
configure:2892: checking for a thread-safe mkdir -p
configure:2931: result: /usr/local/bin/gmkdir -p
configure:2944: checking for gawk
configure:2971: result: awk
configure:2982: checking whether /Applications/Xcode.app/Contents/Developer/usr/bin/make sets $(MAKE)
configure:3004: result: yes
configure:3034: checking for style of include used by /Applications/Xcode.app/Contents/Developer/usr/bin/make
configure:3062: result: GNU
configure:3284: checking for gcc
configure:3311: result: x86_64-sidos-cc -B/Users/siddharth/Code/rust/os64/userland/newlib_build/x86_64-sidos/newlib/ -isystem /Users/siddharth/Code/rust/os64/userland/newlib_build/x86_64-sidos/newlib/targ-include -isystem /Users/siddharth/Code/rust/os64/userland/newlib-4.1.0/newlib/libc/include -B/Users/siddharth/Code/rust/os64/userland/newlib_build/x86_64-sidos/libgloss/x86_64 -L/Users/siddharth/Code/rust/os64/userland/newlib_build/x86_64-sidos/libgloss/libnosys -L/Users/siddharth/Code/rust/os64/userland/newlib-4.1.0/libgloss/x86_64   
configure:3322: checking dependency style of x86_64-sidos-cc -B/Users/siddharth/Code/rust/os64/userland/newlib_build/x86_64-sidos/newlib/ -isystem /Users/siddharth/Code/rust/os64/userland/newlib_build/x86_64-sidos/newlib/targ-include -isystem /Users/siddharth/Code/rust/os64/userland/newlib-4.1.0/newlib/libc/include -B/Users/siddharth/Code/rust/os64/userland/newlib_build/x86_64-sidos/libgloss/x86_64 -L/Users/siddharth/Code/rust/os64/userland/newlib_build/x86_64-sidos/libgloss/libnosys -L/Users/siddharth/Code/rust/os64/userland/newlib-4.1.0/libgloss/x86_64   
configure:3433: result: gcc3
configure:3506: checking whether we are using GNU C
configure:3517: x86_64-sidos-cc -B/Users/siddharth/Code/rust/os64/userland/newlib_build/x86_64-sidos/newlib/ -isystem /Users/siddharth/Code/rust/os64/userland/newlib_build/x86_64-sidos/newlib/targ-include -isystem /Users/siddharth/Code/rust/os64/userland/newlib-4.1.0/newlib/libc/include -B/Users/siddharth/Code/rust/os64/userland/newlib_build/x86_64-sidos/libgloss/x86_64 -L/Users/siddharth/Code/rust/os64/userland/newlib_build/x86_64-sidos/libgloss/libnosys -L/Users/siddharth/Code/rust/os64/userland/newlib-4.1.0/libgloss/x86_64    -E conftest.c
configure:3520: $? = 0
configure:3527: result: yes
configure:3536: checking whether x86_64-sidos-cc -B/Users/siddharth/Code/rust/os64/userland/newlib_build/x86_64-sidos/newlib/ -isystem /Users/siddharth/Code/rust/os64/userland/newlib_build/x86_64-sidos/newlib/targ-include -isystem /Users/siddharth/Code/rust/os64/userland/newlib-4.1.0/newlib/libc/include -B/Users/siddharth/Code/rust/os64/userland/newlib_build/x86_64-sidos/libgloss/x86_64 -L/Users/siddharth/Code/rust/os64/userland/newlib_build/x86_64-sidos/libgloss/libnosys -L/Users/siddharth/Code/rust/os64/userland/newlib-4.1.0/libgloss/x86_64    accepts -g
configure:3556: x86_64-sidos-cc -B/Users/siddharth/Code/rust/os64/userland/newlib_build/x86_64-sidos/newlib/ -isystem /Users/siddharth/Code/rust/os64/userland/newlib_build/x86_64-sidos/newlib/targ-include -isystem /Users/siddharth/Code/rust/os64/userland/newlib-4.1.0/newlib/libc/include -B/Users/siddharth/Code/rust/os64/userland/newlib_build/x86_64-sidos/libgloss/x86_64 -L/Users/siddharth/Code/rust/os64/userland/newlib_build/x86_64-sidos/libgloss/libnosys -L/Users/siddharth/Code/rust/os64/userland/newlib-4.1.0/libgloss/x86_64    -c -g  conftest.c >&5
configure:3556: $? = 0
configure: failed program was:
| /* confdefs.h */
| #define PACKAGE_NAME "newlib"
| #define PACKAGE_TARNAME "newlib"
| #define PACKAGE_VERSION "4.1.0"
| #define PACKAGE_STRING "newlib 4.1.0"
| #define PACKAGE_BUGREPORT ""
| #define PACKAGE_URL ""
| /* end confdefs.h.  */
| 
| int
| main ()
| {
| 
|   ;
|   return 0;
| }
configure:3571: x86_64-sidos-cc -B/Users/siddharth/Code/rust/os64/userland/newlib_build/x86_64-sidos/newlib/ -isystem /Users/siddharth/Code/rust/os64/userland/newlib_build/x86_64-sidos/newlib/targ-include -isystem /Users/siddharth/Code/rust/os64/userland/newlib-4.1.0/newlib/libc/include -B/Users/siddharth/Code/rust/os64/userland/newlib_build/x86_64-sidos/libgloss/x86_64 -L/Users/siddharth/Code/rust/os64/userland/newlib_build/x86_64-sidos/libgloss/libnosys -L/Users/siddharth/Code/rust/os64/userland/newlib-4.1.0/libgloss/x86_64    -c   conftest.c >&5
configure:3571: $? = 0
configure: failed program was:
| /* confdefs.h */
| #define PACKAGE_NAME "newlib"
| #define PACKAGE_TARNAME "newlib"
| #define PACKAGE_VERSION "4.1.0"
| #define PACKAGE_STRING "newlib 4.1.0"
| #define PACKAGE_BUGREPORT ""
| #define PACKAGE_URL ""
| /* end confdefs.h.  */
| 
| int
| main ()
| {
| 
|   ;
|   return 0;
| }
configure:3587: x86_64-sidos-cc -B/Users/siddharth/Code/rust/os64/userland/newlib_build/x86_64-sidos/newlib/ -isystem /Users/siddharth/Code/rust/os64/userland/newlib_build/x86_64-sidos/newlib/targ-include -isystem /Users/siddharth/Code/rust/os64/userland/newlib-4.1.0/newlib/libc/include -B/Users/siddharth/Code/rust/os64/userland/newlib_build/x86_64-sidos/libgloss/x86_64 -L/Users/siddharth/Code/rust/os64/userland/newlib_build/x86_64-sidos/libgloss/libnosys -L/Users/siddharth/Code/rust/os64/userland/newlib-4.1.0/libgloss/x86_64    -c -g  conftest.c >&5
configure:3587: $? = 0
configure: failed program was:
| /* confdefs.h */
| #define PACKAGE_NAME "newlib"
| #define PACKAGE_TARNAME "newlib"
| #define PACKAGE_VERSION "4.1.0"
| #define PACKAGE_STRING "newlib 4.1.0"
| #define PACKAGE_BUGREPORT ""
| #define PACKAGE_URL ""
| /* end confdefs.h.  */
| 
| int
| main ()
| {
| 
|   ;
|   return 0;
| }
configure:3597: result: no
configure:3630: checking for x86_64-sidos-as
configure:3657: result: x86_64-sidos-as
configure:3722: checking for x86_64-sidos-ar
configure:3749: result: x86_64-sidos-ar
configure:3814: checking for x86_64-sidos-ranlib
configure:3841: result: x86_64-sidos-ranlib
configure:3906: checking for x86_64-sidos-readelf
configure:3933: result: x86_64-sidos-readelf
configure:4002: checking whether to enable maintainer-specific portions of Makefiles
configure:4011: result: no
configure:4125: checking for a sed that does not truncate output
configure:4189: result: /usr/bin/sed
configure:4211: checking how to print strings
configure:4238: result: printf
configure:4263: checking for gawk
configure:4290: result: awk
configure:12634: checking for .preinit_array/.init_array/.fini_array support
configure:12647: x86_64-sidos-cc -B/Users/siddharth/Code/rust/os64/userland/newlib_build/x86_64-sidos/newlib/ -isystem /Users/siddharth/Code/rust/os64/userland/newlib_build/x86_64-sidos/newlib/targ-include -isystem /Users/siddharth/Code/rust/os64/userland/newlib-4.1.0/newlib/libc/include -B/Users/siddharth/Code/rust/os64/userland/newlib_build/x86_64-sidos/libgloss/x86_64 -L/Users/siddharth/Code/rust/os64/userland/newlib_build/x86_64-sidos/libgloss/libnosys -L/Users/siddharth/Code/rust/os64/userland/newlib-4.1.0/libgloss/x86_64    -g -O2  -c -o conftest conftest.c
							1>&5
configure:12650: $? = 0
configure:12663: result: no
configure:12674: checking if x86_64-sidos-cc -B/Users/siddharth/Code/rust/os64/userland/newlib_build/x86_64-sidos/newlib/ -isystem /Users/siddharth/Code/rust/os64/userland/newlib_build/x86_64-sidos/newlib/targ-include -isystem /Users/siddharth/Code/rust/os64/userland/newlib-4.1.0/newlib/libc/include -B/Users/siddharth/Code/rust/os64/userland/newlib_build/x86_64-sidos/libgloss/x86_64 -L/Users/siddharth/Code/rust/os64/userland/newlib_build/x86_64-sidos/libgloss/libnosys -L/Users/siddharth/Code/rust/os64/userland/newlib-4.1.0/libgloss/x86_64    accepts -fno-tree-loop-distribute-patterns with __attribute__ ((__optimize__))
configure:12688: x86_64-sidos-cc -B/Users/siddharth/Code/rust/os64/userland/newlib_build/x86_64-sidos/newlib/ -isystem /Users/siddharth/Code/rust/os64/userland/newlib_build/x86_64-sidos/newlib/targ-include -isystem /Users/siddharth/Code/rust/os64/userland/newlib-4.1.0/newlib/libc/include -B/Users/siddharth/Code/rust/os64/userland/newlib_build/x86_64-sidos/libgloss/x86_64 -L/Users/siddharth/Code/rust/os64/userland/newlib_build/x86_64-sidos/libgloss/libnosys -L/Users/siddharth/Code/rust/os64/userland/newlib-4.1.0/libgloss/x86_64    -g -O2  -c
			    -fno-tree-loop-distribute-patterns conftest.c
configure:12691: $? = 0
configure:12698: result: yes
configure:12706: checking whether long double type exists
configure:12726: x86_64-sidos-cc -B/Users/siddharth/Code/rust/os64/userland/newlib_build/x86_64-sidos/newlib/ -isystem /Users/siddharth/Code/rust/os64/userland/newlib_build/x86_64-sidos/newlib/targ-include -isystem /Users/siddharth/Code/rust/os64/userland/newlib-4.1.0/newlib/libc/include -B/Users/siddharth/Code/rust/os64/userland/newlib_build/x86_64-sidos/libgloss/x86_64 -L/Users/siddharth/Code/rust/os64/userland/newlib_build/x86_64-sidos/libgloss/libnosys -L/Users/siddharth/Code/rust/os64/userland/newlib-4.1.0/libgloss/x86_64    -g -O2  -c -o conftest.o conftest.c
							1>&5
configure:12729: $? = 0
configure:12738: result: yes
configure:12755: checking whether long double equals double
configure:12771: x86_64-sidos-cc -B/Users/siddharth/Code/rust/os64/userland/newlib_build/x86_64-sidos/newlib/ -isystem /Users/siddharth/Code/rust/os64/userland/newlib_build/x86_64-sidos/newlib/targ-include -isystem /Users/siddharth/Code/rust/os64/userland/newlib-4.1.0/newlib/libc/include -B/Users/siddharth/Code/rust/os64/userland/newlib_build/x86_64-sidos/libgloss/x86_64 -L/Users/siddharth/Code/rust/os64/userland/newlib_build/x86_64-sidos/libgloss/libnosys -L/Users/siddharth/Code/rust/os64/userland/newlib-4.1.0/libgloss/x86_64    -g -O2  -c -o conftest.o conftest.c
							1>&5
conftest.c:5:4: error: #error "LDBL != DBL"
    5 |   #error "LDBL != DBL"
      |    ^~~~~
configure:12774: $? = 1
configure:12783: result: no
configure:12861: updating cache ./config.cache
configure:12982: creating ./config.status

## ---------------------- ##
## Running config.status. ##
## ---------------------- ##

This file was extended by newlib config.status 4.1.0, which was
generated by GNU Autoconf 2.68.  Invocation command line was

  CONFIG_FILES    = 
  CONFIG_HEADERS  = 
  CONFIG_LINKS    = 
  CONFIG_COMMANDS = 
  $ ./config.status 

on Siddharths-MacBook-Pro.local

config.status:1152: creating Makefile
config.status:1152: creating _newlib_version.h
config.status:1152: creating newlib.h
config.status:1366: executing depfiles commands
configure:15302: === configuring in libc (/Users/siddharth/Code/rust/os64/userland/newlib_build/x86_64-sidos/newlib/libc)
configure:15365: running /bin/sh ../../../../newlib-4.1.0/newlib/libc/configure --disable-option-checking '--prefix=/'  '--with-newlib' '--enable-multilib' '--with-cross-host=x86_64-apple-darwin22.0.0' '--program-transform-name=s&^&x86_64-sidos-&' '--with-target-subdir=x86_64-sidos' '--build=x86_64-apple-darwin22.0.0' '--host=x86_64-sidos' '--target=x86_64-sidos' 'build_alias=x86_64-apple-darwin22.0.0' 'host_alias=x86_64-sidos' 'target_alias=x86_64-sidos' 'CC=x86_64-sidos-cc -B/Users/siddharth/Code/rust/os64/userland/newlib_build/x86_64-sidos/newlib/ -isystem /Users/siddharth/Code/rust/os64/userland/newlib_build/x86_64-sidos/newlib/targ-include -isystem /Users/siddharth/Code/rust/os64/userland/newlib-4.1.0/newlib/libc/include -B/Users/siddharth/Code/rust/os64/userland/newlib_build/x86_64-sidos/libgloss/x86_64 -L/Users/siddharth/Code/rust/os64/userland/newlib_build/x86_64-sidos/libgloss/libnosys -L/Users/siddharth/Code/rust/os64/userland/newlib-4.1.0/libgloss/x86_64   ' 'CFLAGS=-g -O2' 'LDFLAGS=' 'CPPFLAGS=' --cache-file=.././config.cache --srcdir=../../../../newlib-4.1.0/newlib/libc
configure:15302: === configuring in libm (/Users/siddharth/Code/rust/os64/userland/newlib_build/x86_64-sidos/newlib/libm)
configure:15365: running /bin/sh ../../../../newlib-4.1.0/newlib/libm/configure --disable-option-checking '--prefix=/'  '--with-newlib' '--enable-multilib' '--with-cross-host=x86_64-apple-darwin22.0.0' '--program-transform-name=s&^&x86_64-sidos-&' '--with-target-subdir=x86_64-sidos' '--build=x86_64-apple-darwin22.0.0' '--host=x86_64-sidos' '--target=x86_64-sidos' 'build_alias=x86_64-apple-darwin22.0.0' 'host_alias=x86_64-sidos' 'target_alias=x86_64-sidos' 'CC=x86_64-sidos-cc -B/Users/siddharth/Code/rust/os64/userland/newlib_build/x86_64-sidos/newlib/ -isystem /Users/siddharth/Code/rust/os64/userland/newlib_build/x86_64-sidos/newlib/targ-include -isystem /Users/siddharth/Code/rust/os64/userland/newlib-4.1.0/newlib/libc/include -B/Users/siddharth/Code/rust/os64/userland/newlib_build/x86_64-sidos/libgloss/x86_64 -L/Users/siddharth/Code/rust/os64/userland/newlib_build/x86_64-sidos/libgloss/libnosys -L/Users/siddharth/Code/rust/os64/userland/newlib-4.1.0/libgloss/x86_64   ' 'CFLAGS=-g -O2' 'LDFLAGS=' 'CPPFLAGS=' --cache-file=.././config.cache --srcdir=../../../../newlib-4.1.0/newlib/libm
configure:15302: === configuring in doc (/Users/siddharth/Code/rust/os64/userland/newlib_build/x86_64-sidos/newlib/doc)
configure:15365: running /bin/sh ../../../../newlib-4.1.0/newlib/doc/configure --disable-option-checking '--prefix=/'  '--with-newlib' '--enable-multilib' '--with-cross-host=x86_64-apple-darwin22.0.0' '--program-transform-name=s&^&x86_64-sidos-&' '--with-target-subdir=x86_64-sidos' '--build=x86_64-apple-darwin22.0.0' '--host=x86_64-sidos' '--target=x86_64-sidos' 'build_alias=x86_64-apple-darwin22.0.0' 'host_alias=x86_64-sidos' 'target_alias=x86_64-sidos' 'CC=x86_64-sidos-cc -B/Users/siddharth/Code/rust/os64/userland/newlib_build/x86_64-sidos/newlib/ -isystem /Users/siddharth/Code/rust/os64/userland/newlib_build/x86_64-sidos/newlib/targ-include -isystem /Users/siddharth/Code/rust/os64/userland/newlib-4.1.0/newlib/libc/include -B/Users/siddharth/Code/rust/os64/userland/newlib_build/x86_64-sidos/libgloss/x86_64 -L/Users/siddharth/Code/rust/os64/userland/newlib_build/x86_64-sidos/libgloss/libnosys -L/Users/siddharth/Code/rust/os64/userland/newlib-4.1.0/libgloss/x86_64   ' 'CFLAGS=-g -O2' 'LDFLAGS=' 'CPPFLAGS=' --cache-file=.././config.cache --srcdir=../../../../newlib-4.1.0/newlib/doc

## ---------------- ##
## Cache variables. ##
## ---------------- ##

ac_cv_build=x86_64-apple-darwin22.0.0
ac_cv_c_compiler_gnu=yes
ac_cv_env_CCASFLAGS_set=
ac_cv_env_CCASFLAGS_value=
ac_cv_env_CCAS_set=
ac_cv_env_CCAS_value=
ac_cv_env_CC_set=set
ac_cv_env_CC_value='x86_64-sidos-cc -B/Users/siddharth/Code/rust/os64/userland/newlib_build/x86_64-sidos/newlib/ -isystem /Users/siddharth/Code/rust/os64/userland/newlib_build/x86_64-sidos/newlib/targ-include -isystem /Users/siddharth/Code/rust/os64/userland/newlib-4.1.0/newlib/libc/include -B/Users/siddharth/Code/rust/os64/userland/newlib_build/x86_64-sidos/libgloss/x86_64 -L/Users/siddharth/Code/rust/os64/userland/newlib_build/x86_64-sidos/libgloss/libnosys -L/Users/siddharth/Code/rust/os64/userland/newlib-4.1.0/libgloss/x86_64   '
ac_cv_env_CFLAGS_set=set
ac_cv_env_CFLAGS_value='-g -O2'
ac_cv_env_CPPFLAGS_set=set
ac_cv_env_CPPFLAGS_value=
ac_cv_env_CPP_set=
ac_cv_env_CPP_value=
ac_cv_env_LDFLAGS_set=set
ac_cv_env_LDFLAGS_value=
ac_cv_env_LIBS_set=
ac_cv_env_LIBS_value=
ac_cv_env_build_alias_set=set
ac_cv_env_build_alias_value=x86_64-apple-darwin22.0.0
ac_cv_env_host_alias_set=set
ac_cv_env_host_alias_value=x86_64-sidos
ac_cv_env_target_alias_set=set
ac_cv_env_target_alias_value=x86_64-sidos
ac_cv_host=x86_64-pc-sidos
ac_cv_path_SED=/usr/bin/sed
ac_cv_path_mkdir=/usr/local/bin/gmkdir
ac_cv_prog_AR=x86_64-sidos-ar
ac_cv_prog_AS=x86_64-sidos-as
ac_cv_prog_AWK=awk
ac_cv_prog_CC='x86_64-sidos-cc -B/Users/siddharth/Code/rust/os64/userland/newlib_build/x86_64-sidos/newlib/ -isystem /Users/siddharth/Code/rust/os64/userland/newlib_build/x86_64-sidos/newlib/targ-include -isystem /Users/siddharth/Code/rust/os64/userland/newlib-4.1.0/newlib/libc/include -B/Users/siddharth/Code/rust/os64/userland/newlib_build/x86_64-sidos/libgloss/x86_64 -L/Users/siddharth/Code/rust/os64/userland/newlib_build/x86_64-sidos/libgloss/libnosys -L/Users/siddharth/Code/rust/os64/userland/newlib-4.1.0/libgloss/x86_64   '
ac_cv_prog_RANLIB=x86_64-sidos-ranlib
ac_cv_prog_READELF=x86_64-sidos-readelf
ac_cv_prog_STRIP=x86_64-sidos-strip
ac_cv_prog_cc_g=no
ac_cv_prog_make__Applications_Xcode_app_Contents_Developer_usr_bin_make_set=yes
acnewlib_cv_type_long_double=yes
am_cv_CC_dependencies_compiler_type=gcc3
libc_cv_cc_loop_to_function=yes
libc_cv_initfinit_array=no
newlib_cv_ldbl_eq_dbl=no

## ----------------- ##
## Output variables. ##
## ----------------- ##

ACLOCAL='${SHELL} /Users/siddharth/Code/rust/os64/userland/newlib-4.1.0/missing --run aclocal-1.11'
AMDEPBACKSLASH='\'
AMDEP_FALSE='#'
AMDEP_TRUE=''
AMTAR='$${TAR-tar}'
AR='x86_64-sidos-ar'
AS='x86_64-sidos-as'
AUTOCONF='${SHELL} /Users/siddharth/Code/rust/os64/userland/newlib-4.1.0/missing --run autoconf'
AUTOHEADER='${SHELL} /Users/siddharth/Code/rust/os64/userland/newlib-4.1.0/missing --run autoheader'
AUTOMAKE='${SHELL} /Users/siddharth/Code/rust/os64/userland/newlib-4.1.0/missing --run automake-1.11'
AWK='awk'
CC='x86_64-sidos-cc -B/Users/siddharth/Code/rust/os64/userland/newlib_build/x86_64-sidos/newlib/ -isystem /Users/siddharth/Code/rust/os64/userland/newlib_build/x86_64-sidos/newlib/targ-include -isystem /Users/siddharth/Code/rust/os64/userland/newlib-4.1.0/newlib/libc/include -B/Users/siddharth/Code/rust/os64/userland/newlib_build/x86_64-sidos/libgloss/x86_64 -L/Users/siddharth/Code/rust/os64/userland/newlib_build/x86_64-sidos/libgloss/libnosys -L/Users/siddharth/Code/rust/os64/userland/newlib-4.1.0/libgloss/x86_64   '
CCAS='x86_64-sidos-cc -B/Users/siddharth/Code/rust/os64/userland/newlib_build/x86_64-sidos/newlib/ -isystem /Users/siddharth/Code/rust/os64/userland/newlib_build/x86_64-sidos/newlib/targ-include -isystem /Users/siddharth/Code/rust/os64/userland/newlib-4.1.0/newlib/libc/include -B/Users/siddharth/Code/rust/os64/userland/newlib_build/x86_64-sidos/libgloss/x86_64 -L/Users/siddharth/Code/rust/os64/userland/newlib_build/x86_64-sidos/libgloss/libnosys -L/Users/siddharth/Code/rust/os64/userland/newlib-4.1.0/libgloss/x86_64   '
CCASFLAGS='-g -O2'
CCDEPMODE='depmode=gcc3'
CC_FOR_BUILD='gcc'
CC_FOR_NEWLIB='x86_64-sidos-cc -B/Users/siddharth/Code/rust/os64/userland/newlib_build/x86_64-sidos/newlib/ -isystem /Users/siddharth/Code/rust/os64/userland/newlib_build/x86_64-sidos/newlib/targ-include -isystem /Users/siddharth/Code/rust/os64/userland/newlib-4.1.0/newlib/libc/include -B/Users/siddharth/Code/rust/os64/userland/newlib_build/x86_64-sidos/libgloss/x86_64 -L/Users/siddharth/Code/rust/os64/userland/newlib_build/x86_64-sidos/libgloss/libnosys -L/Users/siddharth/Code/rust/os64/userland/newlib-4.1.0/libgloss/x86_64   '
CFLAGS='-g -O2'
CPP=''
CPPFLAGS=''
CRT0=''
CRT0_DIR=''
CRT1=''
CRT1_DIR=''
CYGPATH_W='echo'
DEFS='-DHAVE_CONFIG_H'
DEPDIR='.deps'
DLLTOOL='x86_64-sidos-dlltool'
DSYMUTIL=''
DUMPBIN=''
ECHO_C='\c'
ECHO_N=''
ECHO_T=''
EGREP=''
ELIX_LEVEL_0_FALSE='#'
ELIX_LEVEL_0_TRUE=''
ELIX_LEVEL_1_FALSE=''
ELIX_LEVEL_1_TRUE='#'
ELIX_LEVEL_2_FALSE=''
ELIX_LEVEL_2_TRUE='#'
ELIX_LEVEL_3_FALSE=''
ELIX_LEVEL_3_TRUE='#'
ELIX_LEVEL_4_FALSE=''
ELIX_LEVEL_4_TRUE='#'
EXEEXT=''
EXTRA_DIRS=''
FGREP=''
GREP=''
HAVE_CRT0_FALSE=''
HAVE_CRT0_TRUE='#'
HAVE_DOC_FALSE='#'
HAVE_DOC_TRUE=''
HAVE_LONG_DOUBLE_FALSE='#'
HAVE_LONG_DOUBLE_TRUE=''
HAVE_MULTISUBDIR_FALSE=''
HAVE_MULTISUBDIR_TRUE='#'
INSTALL_DATA='/usr/local/bin/ginstall -c -m 644'
INSTALL_PROGRAM='/usr/local/bin/ginstall -c'
INSTALL_SCRIPT='/usr/local/bin/ginstall -c'
INSTALL_STRIP_PROGRAM='$(install_sh) -c -s'
LD='x86_64-sidos-ld'
LDFLAGS=''
LIBM_MACHINE_OBJECTLIST='libm/machine/x86_64/objectlist.awk.in'
LIBOBJS=''
LIBS=''
LIBTOOL=''
LIPO='x86_64-sidos-lipo'
LN_S=''
LTLIBOBJS=''
MACHINE_OBJECTLIST='libc/machine/x86_64/objectlist.awk.in'
MAINT='#'
MAINTAINER_MODE_FALSE=''
MAINTAINER_MODE_TRUE='#'
MAKEINFO='/Users/siddharth/Code/rust/os64/userland/newlib-4.1.0/missing makeinfo --split-size=5000000'
MAY_SUPPLY_SYSCALLS_FALSE='#'
MAY_SUPPLY_SYSCALLS_TRUE=''
MKDIR_P='/usr/local/bin/gmkdir -p'
NEWLIB_CFLAGS=' -fno-builtin -DMISSING_SYSCALL_NAMES -DHAVE_INIT_FINI'
NEWLIB_HW_FP_FALSE=''
NEWLIB_HW_FP_TRUE='#'
NM='x86_64-sidos-nm'
NMEDIT=''
NO_INCLUDE_LIST=' rpc/types.h rpc/xdr.h'
OBJDUMP='x86_64-sidos-objdump'
OBJEXT='o'
OTOOL64=''
OTOOL=''
PACKAGE='newlib'
PACKAGE_BUGREPORT=''
PACKAGE_NAME='newlib'
PACKAGE_STRING='newlib 4.1.0'
PACKAGE_TARNAME='newlib'
PACKAGE_URL=''
PACKAGE_VERSION='4.1.0'
PATH_SEPARATOR=':'
POSIX_OBJECTLIST=''
RANLIB='x86_64-sidos-ranlib'
READELF='x86_64-sidos-readelf'
SED='/usr/bin/sed'
SET_MAKE=''
SHELL='/bin/sh'
SIGNAL_OBJECTLIST='libc/signal/objectlist.awk.in'
STDIO64_OBJECTLIST=''
STRIP='x86_64-sidos-strip'
SYSCALL_OBJECTLIST=''
SYS_MACH_OBJECTLIST=''
SYS_OBJECTLIST=''
UNIX_OBJECTLIST=''
USE_LIBTOOL_FALSE=''
USE_LIBTOOL_TRUE='#'
VERSION='4.1.0'
ac_ct_CC=''
ac_ct_DUMPBIN=''
aext='a'
am__EXEEXT_FALSE=''
am__EXEEXT_TRUE='#'
am__fastdepCC_FALSE='#'
am__fastdepCC_TRUE=''
am__include='include'
am__isrc=' -I$(srcdir)'
am__leading_dot='.'
am__nodep='_no'
am__quote=''
am__tar='$${TAR-tar} chof - "$$tardir"'
am__untar='$${TAR-tar} xf -'
bindir='${exec_prefix}/bin'
build='x86_64-apple-darwin22.0.0'
build_alias='x86_64-apple-darwin22.0.0'
build_cpu='x86_64'
build_os='darwin22.0.0'
build_vendor='apple'
datadir='${datarootdir}'
datarootdir='${prefix}/share'
docdir='${datarootdir}/doc/${PACKAGE_TARNAME}'
dvidir='${docdir}'
exec_prefix='${prefix}'
host='x86_64-pc-sidos'
host_alias='x86_64-sidos'
host_cpu='x86_64'
host_os='sidos'
host_vendor='pc'
htmldir='${docdir}'
includedir='${prefix}/include'
infodir='${datarootdir}/info'
install_sh='${SHELL} /Users/siddharth/Code/rust/os64/userland/newlib-4.1.0/install-sh'
libc_cv_cc_loop_to_function='yes'
libc_cv_initfinit_array='no'
libdir='${exec_prefix}/lib'
libexecdir='${exec_prefix}/libexec'
libm_machine_dir='x86_64'
localedir='${datarootdir}/locale'
localstatedir='${prefix}/var'
lpfx='lib_a-'
machine_dir='x86_64'
mandir='${datarootdir}/man'
mkdir_p='/usr/local/bin/gmkdir -p'
newlib_basedir='../../../newlib-4.1.0/newlib/.'
oext='o'
oldincludedir='/usr/include'
pdfdir='${docdir}'
prefix='/'
program_transform_name='s&^&x86_64-sidos-&'
psdir='${docdir}'
sbindir='${exec_prefix}/sbin'
sharedstatedir='${prefix}/com'
subdirs=' libc libm doc'
sys_dir=''
sysconfdir='${prefix}/etc'
target_alias='x86_64-sidos'

## ----------- ##
## confdefs.h. ##
## ----------- ##

/* confdefs.h */
#define PACKAGE_NAME "newlib"
#define PACKAGE_TARNAME "newlib"
#define PACKAGE_VERSION "4.1.0"
#define PACKAGE_STRING "newlib 4.1.0"
#define PACKAGE_BUGREPORT ""
#define PACKAGE_URL ""
#define _REENT_CHECK_VERIFY 1
#define _MB_LEN_MAX 1
#define _NEWLIB_VERSION "4.1.0"
#define __NEWLIB__ 4
#define __NEWLIB_MINOR__ 1
#define __NEWLIB_PATCHLEVEL__ 0
#define _ATEXIT_DYNAMIC_ALLOC 1
#define _FVWRITE_IN_STREAMIO 1
#define _FSEEK_OPTIMIZATION 1
#define _WIDE_ORIENT 1
#define _UNBUF_STREAM_OPT 1
#define _HAVE_CC_INHIBIT_LOOP_TO_LIBCALL 1
#define _HAVE_LONG_DOUBLE 1

configure: exit 0
