This file contains any messages produced by compilers while
running configure, to aid debugging if configure makes a mistake.

It was created by configure, which was
generated by GNU Autoconf 2.61.  Invocation command line was

  $ ../../../../newlib-4.1.0/libgloss/doc/configure --disable-option-checking --prefix=/ --with-newlib --enable-multilib --with-cross-host=x86_64-apple-darwin22.0.0 --program-transform-name=s&^&x86_64-sidos-& --with-target-subdir=x86_64-sidos --build=x86_64-apple-darwin22.0.0 --host=x86_64-sidos --target=x86_64-sidos build_alias=x86_64-apple-darwin22.0.0 host_alias=x86_64-sidos target_alias=x86_64-sidos --cache-file=.././config.cache --srcdir=../../../../newlib-4.1.0/libgloss/doc

## --------- ##
## Platform. ##
## --------- ##

hostname = Siddharths-MacBook-Pro.local
uname -m = x86_64
uname -r = 22.0.0
uname -s = Darwin
uname -v = Darwin Kernel Version 22.0.0: Tue Jun 28 20:47:52 PDT 2022; root:xnu-8792.0.134.131.2~1/RELEASE_X86_64

/usr/bin/uname -p = i386
/bin/uname -X     = unknown

/bin/arch              = unknown
/usr/bin/arch -k       = unknown
/usr/convex/getsysinfo = unknown
/usr/bin/hostinfo      = Mach kernel version:
	 Darwin Kernel Version 22.0.0: Tue Jun 28 20:47:52 PDT 2022; root:xnu-8792.0.134.131.2~1/RELEASE_X86_64
Kernel configured for up to 8 processors.
4 processors are physically available.
8 processors are logically available.
Processor type: x86_64h (Intel x86-64h Haswell)
Processors active: 0 1 2 3 4 5 6 7
Primary memory available: 8.00 gigabytes
Default processor set: 630 tasks, 2945 threads, 8 processors
Load average: 2.69, Mach factor: 5.32
/bin/machine           = unknown
/usr/bin/oslevel       = unknown
/bin/universe          = unknown

PATH: ~/cross/bin
PATH: /usr/local/opt/python@3.8/bin
PATH: /usr/local/opt/openjdk/bin
PATH: /usr/local/opt/binutils/bin
PATH: /usr/local/opt/flex/bin
PATH: /usr/local/opt/bison/bin
PATH: /usr/local/opt/python@3.8/bin
PATH: /usr/local/opt/python@3.8/bin
PATH: /usr/local/sbin
PATH: /usr/local/bin
PATH: /System/Cryptexes/App/usr/bin
PATH: /usr/bin
PATH: /bin
PATH: /usr/sbin
PATH: /sbin
PATH: /Applications/VMware Fusion.app/Contents/Public
PATH: /usr/local/share/dotnet
PATH: ~/.dotnet/tools
PATH: /Library/Apple/usr/bin
PATH: /Library/Frameworks/Mono.framework/Versions/Current/Commands
PATH: /Applications/Wireshark.app/Contents/MacOS
PATH: /Users/siddharth/.cargo/bin
PATH: /usr/local/bin
PATH: /Users/siddharth/Code/go/bin
PATH: /usr/local/opt/mongodb-community@4.0/bin
PATH: /Users/siddharth/.fzf/bin


## ----------- ##
## Core tests. ##
## ----------- ##

configure:1525: loading cache .././config.cache
configure:1692: checking for a BSD-compatible install
configure:1748: result: /usr/local/bin/ginstall -c
configure:1892: creating ./config.status

## ---------------------- ##
## Running config.status. ##
## ---------------------- ##

This file was extended by config.status, which was
generated by GNU Autoconf 2.61.  Invocation command line was

  CONFIG_FILES    = 
  CONFIG_HEADERS  = 
  CONFIG_LINKS    = 
  CONFIG_COMMANDS = 
  $ ./config.status 

on Siddharths-MacBook-Pro.local

config.status:568: creating Makefile

## ---------------- ##
## Cache variables. ##
## ---------------- ##

ac_cv_build=x86_64-apple-darwin22.0.0
ac_cv_c_compiler_gnu=yes
ac_cv_env_CCASFLAGS_set=
ac_cv_env_CCASFLAGS_value=
ac_cv_env_CCAS_set=
ac_cv_env_CCAS_value=
ac_cv_env_build_alias_set=set
ac_cv_env_build_alias_value=x86_64-apple-darwin22.0.0
ac_cv_env_host_alias_set=set
ac_cv_env_host_alias_value=x86_64-sidos
ac_cv_env_target_alias_set=set
ac_cv_env_target_alias_value=x86_64-sidos
ac_cv_host=x86_64-pc-sidos
ac_cv_prog_AR=x86_64-sidos-ar
ac_cv_prog_AWK=awk
ac_cv_prog_CC='x86_64-sidos-cc -B/Users/siddharth/Code/rust/os64/userland/newlib_build/x86_64-sidos/newlib/ -isystem /Users/siddharth/Code/rust/os64/userland/newlib_build/x86_64-sidos/newlib/targ-include -isystem /Users/siddharth/Code/rust/os64/userland/newlib-4.1.0/newlib/libc/include -B/Users/siddharth/Code/rust/os64/userland/newlib_build/x86_64-sidos/libgloss/x86_64 -L/Users/siddharth/Code/rust/os64/userland/newlib_build/x86_64-sidos/libgloss/libnosys -L/Users/siddharth/Code/rust/os64/userland/newlib-4.1.0/libgloss/x86_64   '
ac_cv_prog_RANLIB=x86_64-sidos-ranlib
ac_cv_prog_STRIP=x86_64-sidos-strip
ac_cv_prog_cc_g=no
ac_cv_prog_make__Applications_Xcode_app_Contents_Developer_usr_bin_make_set=yes
ac_cv_target=x86_64-pc-sidos
am_cv_CC_dependencies_compiler_type=gcc3

## ----------------- ##
## Output variables. ##
## ----------------- ##

DEFS='-DPACKAGE_NAME=\"\" -DPACKAGE_TARNAME=\"\" -DPACKAGE_VERSION=\"\" -DPACKAGE_STRING=\"\" -DPACKAGE_BUGREPORT=\"\"'
ECHO_C='ECHO_N=''
ECHO_T=''
INSTALL_DATA='/usr/local/bin/ginstall -c -m 644'
INSTALL_PROGRAM='/usr/local/bin/ginstall -c'
INSTALL_SCRIPT='/usr/local/bin/ginstall -c'
LIBOBJS=''
LIBS=''
LTLIBOBJS=''
PACKAGE_BUGREPORT=''
PACKAGE_NAME=''
PACKAGE_STRING=''
PACKAGE_TARNAME=''
PACKAGE_VERSION=''
PATH_SEPARATOR=':'
SHELL='/bin/sh'
bindir='${exec_prefix}/bin'
build_alias='x86_64-apple-darwin22.0.0'
datadir='${datarootdir}'
datarootdir='${prefix}/share'
docdir='${datarootdir}/doc/${PACKAGE}'
dvidir='${docdir}'
exec_prefix='${prefix}'
host_alias='x86_64-sidos'
htmldir='${docdir}'
includedir='${prefix}/include'
infodir='${datarootdir}/info'
libdir='${exec_prefix}/lib'
libexecdir='${exec_prefix}/libexec'
localedir='${datarootdir}/locale'
localstatedir='${prefix}/var'
mandir='${datarootdir}/man'
oldincludedir='/usr/include'
pdfdir='${docdir}'
prefix='/'
program_transform_name='s&^&x86_64-sidos-&'
psdir='${docdir}'
sbindir='${exec_prefix}/sbin'
sharedstatedir='${prefix}/com'
sysconfdir='${prefix}/etc'
target_alias='x86_64-sidos'

## ----------- ##
## confdefs.h. ##
## ----------- ##

#define PACKAGE_NAME ""
#define PACKAGE_TARNAME ""
#define PACKAGE_VERSION ""
#define PACKAGE_STRING ""
#define PACKAGE_BUGREPORT ""

configure: exit 0
