This file contains any messages produced by compilers while
running configure, to aid debugging if configure makes a mistake.

It was created by libgloss configure LIBGLOSS_VERSION, which was
generated by GNU Autoconf 2.68.  Invocation command line was

  $ /Users/siddharth/Code/rust/os64/userland/newlib-4.1.0/libgloss/configure --srcdir=../../../newlib-4.1.0/libgloss --cache-file=./config.cache --with-newlib --enable-multilib --with-cross-host=x86_64-apple-darwin22.0.0 --prefix=/ --program-transform-name=s&^&x86_64-sidos-& --disable-option-checking --with-target-subdir=x86_64-sidos --build=x86_64-apple-darwin22.0.0 --host=x86_64-sidos --target=x86_64-sidos

## --------- ##
## Platform. ##
## --------- ##

hostname = Siddharths-MacBook-Pro.local
uname -m = x86_64
uname -r = 22.0.0
uname -s = Darwin
uname -v = Darwin Kernel Version 22.0.0: Tue Jun 28 20:47:52 PDT 2022; root:xnu-8792.0.134.131.2~1/RELEASE_X86_64

/usr/bin/uname -p = i386
/bin/uname -X     = unknown

/bin/arch              = unknown
/usr/bin/arch -k       = unknown
/usr/convex/getsysinfo = unknown
/usr/bin/hostinfo      = Mach kernel version:
	 Darwin Kernel Version 22.0.0: Tue Jun 28 20:47:52 PDT 2022; root:xnu-8792.0.134.131.2~1/RELEASE_X86_64
Kernel configured for up to 8 processors.
4 processors are physically available.
8 processors are logically available.
Processor type: x86_64h (Intel x86-64h Haswell)
Processors active: 0 1 2 3 4 5 6 7
Primary memory available: 8.00 gigabytes
Default processor set: 629 tasks, 2945 threads, 8 processors
Load average: 4.25, Mach factor: 4.77
/bin/machine           = unknown
/usr/bin/oslevel       = unknown
/bin/universe          = unknown

PATH: ~/cross/bin
PATH: /usr/local/opt/python@3.8/bin
PATH: /usr/local/opt/openjdk/bin
PATH: /usr/local/opt/binutils/bin
PATH: /usr/local/opt/flex/bin
PATH: /usr/local/opt/bison/bin
PATH: /usr/local/opt/python@3.8/bin
PATH: /usr/local/opt/python@3.8/bin
PATH: /usr/local/sbin
PATH: /usr/local/bin
PATH: /System/Cryptexes/App/usr/bin
PATH: /usr/bin
PATH: /bin
PATH: /usr/sbin
PATH: /sbin
PATH: /Applications/VMware Fusion.app/Contents/Public
PATH: /usr/local/share/dotnet
PATH: ~/.dotnet/tools
PATH: /Library/Apple/usr/bin
PATH: /Library/Frameworks/Mono.framework/Versions/Current/Commands
PATH: /Applications/Wireshark.app/Contents/MacOS
PATH: /Users/siddharth/.cargo/bin
PATH: /usr/local/bin
PATH: /Users/siddharth/Code/go/bin
PATH: /usr/local/opt/mongodb-community@4.0/bin
PATH: /Users/siddharth/.fzf/bin


## ----------- ##
## Core tests. ##
## ----------- ##

configure:1740: creating cache ./config.cache
configure:1872: checking for a BSD-compatible install
configure:1940: result: /usr/local/bin/ginstall -c
configure:1956: checking build system type
configure:1970: result: x86_64-apple-darwin22.0.0
configure:1990: checking host system type
configure:2003: result: x86_64-pc-sidos
configure:2023: checking target system type
configure:2036: result: x86_64-pc-sidos
configure:2064: checking whether build environment is sane
configure:2101: result: yes
configure:2163: checking for gawk
configure:2190: result: awk
configure:2201: checking whether /Applications/Xcode.app/Contents/Developer/usr/bin/make sets $(MAKE)
configure:2223: result: yes
configure:2288: checking for x86_64-sidos-strip
configure:2315: result: x86_64-sidos-strip
configure:2624: checking for style of include used by /Applications/Xcode.app/Contents/Developer/usr/bin/make
configure:2652: result: GNU
configure:2679: checking for gcc
configure:2706: result: x86_64-sidos-cc -B/Users/siddharth/Code/rust/os64/userland/newlib_build/x86_64-sidos/newlib/ -isystem /Users/siddharth/Code/rust/os64/userland/newlib_build/x86_64-sidos/newlib/targ-include -isystem /Users/siddharth/Code/rust/os64/userland/newlib-4.1.0/newlib/libc/include -B/Users/siddharth/Code/rust/os64/userland/newlib_build/x86_64-sidos/libgloss/x86_64 -L/Users/siddharth/Code/rust/os64/userland/newlib_build/x86_64-sidos/libgloss/libnosys -L/Users/siddharth/Code/rust/os64/userland/newlib-4.1.0/libgloss/x86_64   
configure:2717: checking dependency style of x86_64-sidos-cc -B/Users/siddharth/Code/rust/os64/userland/newlib_build/x86_64-sidos/newlib/ -isystem /Users/siddharth/Code/rust/os64/userland/newlib_build/x86_64-sidos/newlib/targ-include -isystem /Users/siddharth/Code/rust/os64/userland/newlib-4.1.0/newlib/libc/include -B/Users/siddharth/Code/rust/os64/userland/newlib_build/x86_64-sidos/libgloss/x86_64 -L/Users/siddharth/Code/rust/os64/userland/newlib_build/x86_64-sidos/libgloss/libnosys -L/Users/siddharth/Code/rust/os64/userland/newlib-4.1.0/libgloss/x86_64   
configure:2807: result: gcc3
configure:2882: checking whether we are using GNU C
configure:2893: x86_64-sidos-cc -B/Users/siddharth/Code/rust/os64/userland/newlib_build/x86_64-sidos/newlib/ -isystem /Users/siddharth/Code/rust/os64/userland/newlib_build/x86_64-sidos/newlib/targ-include -isystem /Users/siddharth/Code/rust/os64/userland/newlib-4.1.0/newlib/libc/include -B/Users/siddharth/Code/rust/os64/userland/newlib_build/x86_64-sidos/libgloss/x86_64 -L/Users/siddharth/Code/rust/os64/userland/newlib_build/x86_64-sidos/libgloss/libnosys -L/Users/siddharth/Code/rust/os64/userland/newlib-4.1.0/libgloss/x86_64    -E conftest.c
configure:2896: $? = 0
configure:2903: result: yes
configure:2913: checking whether x86_64-sidos-cc -B/Users/siddharth/Code/rust/os64/userland/newlib_build/x86_64-sidos/newlib/ -isystem /Users/siddharth/Code/rust/os64/userland/newlib_build/x86_64-sidos/newlib/targ-include -isystem /Users/siddharth/Code/rust/os64/userland/newlib-4.1.0/newlib/libc/include -B/Users/siddharth/Code/rust/os64/userland/newlib_build/x86_64-sidos/libgloss/x86_64 -L/Users/siddharth/Code/rust/os64/userland/newlib_build/x86_64-sidos/libgloss/libnosys -L/Users/siddharth/Code/rust/os64/userland/newlib-4.1.0/libgloss/x86_64    accepts -g
configure:2933: x86_64-sidos-cc -B/Users/siddharth/Code/rust/os64/userland/newlib_build/x86_64-sidos/newlib/ -isystem /Users/siddharth/Code/rust/os64/userland/newlib_build/x86_64-sidos/newlib/targ-include -isystem /Users/siddharth/Code/rust/os64/userland/newlib-4.1.0/newlib/libc/include -B/Users/siddharth/Code/rust/os64/userland/newlib_build/x86_64-sidos/libgloss/x86_64 -L/Users/siddharth/Code/rust/os64/userland/newlib_build/x86_64-sidos/libgloss/libnosys -L/Users/siddharth/Code/rust/os64/userland/newlib-4.1.0/libgloss/x86_64    -c -g  conftest.c >&5
configure:2933: $? = 0
configure: failed program was:
| /* confdefs.h */
| #define PACKAGE_NAME "libgloss"
| #define PACKAGE_TARNAME "libgloss"
| #define PACKAGE_VERSION "LIBGLOSS_VERSION"
| #define PACKAGE_STRING "libgloss LIBGLOSS_VERSION"
| #define PACKAGE_BUGREPORT ""
| #define PACKAGE_URL ""
| /* end confdefs.h.  */
| 
| int
| main ()
| {
| 
|   ;
|   return 0;
| }
configure:2948: x86_64-sidos-cc -B/Users/siddharth/Code/rust/os64/userland/newlib_build/x86_64-sidos/newlib/ -isystem /Users/siddharth/Code/rust/os64/userland/newlib_build/x86_64-sidos/newlib/targ-include -isystem /Users/siddharth/Code/rust/os64/userland/newlib-4.1.0/newlib/libc/include -B/Users/siddharth/Code/rust/os64/userland/newlib_build/x86_64-sidos/libgloss/x86_64 -L/Users/siddharth/Code/rust/os64/userland/newlib_build/x86_64-sidos/libgloss/libnosys -L/Users/siddharth/Code/rust/os64/userland/newlib-4.1.0/libgloss/x86_64    -c   conftest.c >&5
configure:2948: $? = 0
configure: failed program was:
| /* confdefs.h */
| #define PACKAGE_NAME "libgloss"
| #define PACKAGE_TARNAME "libgloss"
| #define PACKAGE_VERSION "LIBGLOSS_VERSION"
| #define PACKAGE_STRING "libgloss LIBGLOSS_VERSION"
| #define PACKAGE_BUGREPORT ""
| #define PACKAGE_URL ""
| /* end confdefs.h.  */
| 
| int
| main ()
| {
| 
|   ;
|   return 0;
| }
configure:2964: x86_64-sidos-cc -B/Users/siddharth/Code/rust/os64/userland/newlib_build/x86_64-sidos/newlib/ -isystem /Users/siddharth/Code/rust/os64/userland/newlib_build/x86_64-sidos/newlib/targ-include -isystem /Users/siddharth/Code/rust/os64/userland/newlib-4.1.0/newlib/libc/include -B/Users/siddharth/Code/rust/os64/userland/newlib_build/x86_64-sidos/libgloss/x86_64 -L/Users/siddharth/Code/rust/os64/userland/newlib_build/x86_64-sidos/libgloss/libnosys -L/Users/siddharth/Code/rust/os64/userland/newlib-4.1.0/libgloss/x86_64    -c -g  conftest.c >&5
configure:2964: $? = 0
configure: failed program was:
| /* confdefs.h */
| #define PACKAGE_NAME "libgloss"
| #define PACKAGE_TARNAME "libgloss"
| #define PACKAGE_VERSION "LIBGLOSS_VERSION"
| #define PACKAGE_STRING "libgloss LIBGLOSS_VERSION"
| #define PACKAGE_BUGREPORT ""
| #define PACKAGE_URL ""
| /* end confdefs.h.  */
| 
| int
| main ()
| {
| 
|   ;
|   return 0;
| }
configure:2974: result: no
configure:3007: checking for ar
configure:3035: result: x86_64-sidos-ar
configure:3050: checking for x86_64-sidos-ranlib
configure:3077: result: x86_64-sidos-ranlib
configure:3227: updating cache ./config.cache
configure:3320: creating ./config.status

## ---------------------- ##
## Running config.status. ##
## ---------------------- ##

This file was extended by libgloss config.status LIBGLOSS_VERSION, which was
generated by GNU Autoconf 2.68.  Invocation command line was

  CONFIG_FILES    = 
  CONFIG_HEADERS  = 
  CONFIG_LINKS    = 
  CONFIG_COMMANDS = 
  $ ./config.status 

on Siddharths-MacBook-Pro.local

config.status:830: creating Makefile
config.status:986: executing depfiles commands
configure:4563: === configuring in doc (/Users/siddharth/Code/rust/os64/userland/newlib_build/x86_64-sidos/libgloss/doc)
configure:4626: running /bin/sh ../../../../newlib-4.1.0/libgloss/doc/configure --disable-option-checking '--prefix=/'  '--with-newlib' '--enable-multilib' '--with-cross-host=x86_64-apple-darwin22.0.0' '--program-transform-name=s&^&x86_64-sidos-&' '--with-target-subdir=x86_64-sidos' '--build=x86_64-apple-darwin22.0.0' '--host=x86_64-sidos' '--target=x86_64-sidos' 'build_alias=x86_64-apple-darwin22.0.0' 'host_alias=x86_64-sidos' 'target_alias=x86_64-sidos' --cache-file=.././config.cache --srcdir=../../../../newlib-4.1.0/libgloss/doc
configure:4563: === configuring in libnosys (/Users/siddharth/Code/rust/os64/userland/newlib_build/x86_64-sidos/libgloss/libnosys)
configure:4626: running /bin/sh ../../../../newlib-4.1.0/libgloss/libnosys/configure --disable-option-checking '--prefix=/'  '--with-newlib' '--enable-multilib' '--with-cross-host=x86_64-apple-darwin22.0.0' '--program-transform-name=s&^&x86_64-sidos-&' '--with-target-subdir=x86_64-sidos' '--build=x86_64-apple-darwin22.0.0' '--host=x86_64-sidos' '--target=x86_64-sidos' 'build_alias=x86_64-apple-darwin22.0.0' 'host_alias=x86_64-sidos' 'target_alias=x86_64-sidos' --cache-file=.././config.cache --srcdir=../../../../newlib-4.1.0/libgloss/libnosys

## ---------------- ##
## Cache variables. ##
## ---------------- ##

ac_cv_build=x86_64-apple-darwin22.0.0
ac_cv_c_compiler_gnu=yes
ac_cv_env_CCASFLAGS_set=
ac_cv_env_CCASFLAGS_value=
ac_cv_env_CCAS_set=
ac_cv_env_CCAS_value=
ac_cv_env_build_alias_set=set
ac_cv_env_build_alias_value=x86_64-apple-darwin22.0.0
ac_cv_env_host_alias_set=set
ac_cv_env_host_alias_value=x86_64-sidos
ac_cv_env_target_alias_set=set
ac_cv_env_target_alias_value=x86_64-sidos
ac_cv_host=x86_64-pc-sidos
ac_cv_prog_AR=x86_64-sidos-ar
ac_cv_prog_AWK=awk
ac_cv_prog_CC='x86_64-sidos-cc -B/Users/siddharth/Code/rust/os64/userland/newlib_build/x86_64-sidos/newlib/ -isystem /Users/siddharth/Code/rust/os64/userland/newlib_build/x86_64-sidos/newlib/targ-include -isystem /Users/siddharth/Code/rust/os64/userland/newlib-4.1.0/newlib/libc/include -B/Users/siddharth/Code/rust/os64/userland/newlib_build/x86_64-sidos/libgloss/x86_64 -L/Users/siddharth/Code/rust/os64/userland/newlib_build/x86_64-sidos/libgloss/libnosys -L/Users/siddharth/Code/rust/os64/userland/newlib-4.1.0/libgloss/x86_64   '
ac_cv_prog_RANLIB=x86_64-sidos-ranlib
ac_cv_prog_STRIP=x86_64-sidos-strip
ac_cv_prog_cc_g=no
ac_cv_prog_make__Applications_Xcode_app_Contents_Developer_usr_bin_make_set=yes
ac_cv_target=x86_64-pc-sidos
am_cv_CC_dependencies_compiler_type=gcc3

## ----------------- ##
## Output variables. ##
## ----------------- ##

ACLOCAL='${SHELL} /Users/siddharth/Code/rust/os64/userland/newlib-4.1.0/missing --run aclocal-1.9'
AMDEPBACKSLASH='\'
AMDEP_FALSE='#'
AMDEP_TRUE=''
AMTAR='${SHELL} /Users/siddharth/Code/rust/os64/userland/newlib-4.1.0/missing --run tar'
AR='x86_64-sidos-ar'
AS='x86_64-sidos-as'
AUTOCONF='${SHELL} /Users/siddharth/Code/rust/os64/userland/newlib-4.1.0/missing --run autoconf'
AUTOHEADER='${SHELL} /Users/siddharth/Code/rust/os64/userland/newlib-4.1.0/missing --run autoheader'
AUTOMAKE='${SHELL} /Users/siddharth/Code/rust/os64/userland/newlib-4.1.0/missing --run automake-1.9'
AWK='awk'
CC='x86_64-sidos-cc -B/Users/siddharth/Code/rust/os64/userland/newlib_build/x86_64-sidos/newlib/ -isystem /Users/siddharth/Code/rust/os64/userland/newlib_build/x86_64-sidos/newlib/targ-include -isystem /Users/siddharth/Code/rust/os64/userland/newlib-4.1.0/newlib/libc/include -B/Users/siddharth/Code/rust/os64/userland/newlib_build/x86_64-sidos/libgloss/x86_64 -L/Users/siddharth/Code/rust/os64/userland/newlib_build/x86_64-sidos/libgloss/libnosys -L/Users/siddharth/Code/rust/os64/userland/newlib-4.1.0/libgloss/x86_64   '
CCAS='x86_64-sidos-cc -B/Users/siddharth/Code/rust/os64/userland/newlib_build/x86_64-sidos/newlib/ -isystem /Users/siddharth/Code/rust/os64/userland/newlib_build/x86_64-sidos/newlib/targ-include -isystem /Users/siddharth/Code/rust/os64/userland/newlib-4.1.0/newlib/libc/include -B/Users/siddharth/Code/rust/os64/userland/newlib_build/x86_64-sidos/libgloss/x86_64 -L/Users/siddharth/Code/rust/os64/userland/newlib_build/x86_64-sidos/libgloss/libnosys -L/Users/siddharth/Code/rust/os64/userland/newlib-4.1.0/libgloss/x86_64   '
CCASFLAGS=''
CCDEPMODE='depmode=gcc3'
CYGPATH_W='echo'
DEFS='-DPACKAGE_NAME=\"libgloss\" -DPACKAGE_TARNAME=\"libgloss\" -DPACKAGE_VERSION=\"LIBGLOSS_VERSION\" -DPACKAGE_STRING=\"libgloss\ LIBGLOSS_VERSION\" -DPACKAGE_BUGREPORT=\"\" -DPACKAGE_URL=\"\"'
DEPDIR='.deps'
ECHO_C='\c'
ECHO_N=''
ECHO_T=''
INSTALL_DATA='/usr/local/bin/ginstall -c -m 644'
INSTALL_PROGRAM='/usr/local/bin/ginstall -c'
INSTALL_SCRIPT='/usr/local/bin/ginstall -c'
INSTALL_STRIP_PROGRAM='${SHELL} $(install_sh) -c -s'
LD='x86_64-sidos-ld'
LIBOBJS=''
LIBS=''
LTLIBOBJS=''
MAKEINFO='/Users/siddharth/Code/rust/os64/userland/newlib-4.1.0/missing makeinfo --split-size=5000000'
PACKAGE='libgloss'
PACKAGE_BUGREPORT=''
PACKAGE_NAME='libgloss'
PACKAGE_STRING='libgloss LIBGLOSS_VERSION'
PACKAGE_TARNAME='libgloss'
PACKAGE_URL=''
PACKAGE_VERSION='LIBGLOSS_VERSION'
PATH_SEPARATOR=':'
RANLIB='x86_64-sidos-ranlib'
SET_MAKE=''
SHELL='/bin/sh'
STRIP='x86_64-sidos-strip'
VERSION='LIBGLOSS_VERSION'
am__fastdepCC_FALSE='#'
am__fastdepCC_TRUE=''
am__include='include'
am__leading_dot='.'
am__quote=''
am__tar='${AMTAR} chof - "$$tardir"'
am__untar='${AMTAR} xf -'
bindir='${exec_prefix}/bin'
build='x86_64-apple-darwin22.0.0'
build_alias='x86_64-apple-darwin22.0.0'
build_cpu='x86_64'
build_os='darwin22.0.0'
build_vendor='apple'
datadir='${datarootdir}'
datarootdir='${prefix}/share'
docdir='${datarootdir}/doc/${PACKAGE_TARNAME}'
dvidir='${docdir}'
exec_prefix='${prefix}'
host='x86_64-pc-sidos'
host_alias='x86_64-sidos'
host_cpu='x86_64'
host_makefile_frag_path='../../../newlib-4.1.0/libgloss/config/default.mh'
host_os='sidos'
host_vendor='pc'
htmldir='${docdir}'
includedir='${prefix}/include'
infodir='${datarootdir}/info'
install_sh='/Users/siddharth/Code/rust/os64/userland/newlib-4.1.0/install-sh'
libdir='${exec_prefix}/lib'
libexecdir='${exec_prefix}/libexec'
localedir='${datarootdir}/locale'
localstatedir='${prefix}/var'
mandir='${datarootdir}/man'
mkdir_p='$(mkinstalldirs)'
oldincludedir='/usr/include'
pdfdir='${docdir}'
prefix='/'
program_transform_name='s&^&x86_64-sidos-&'
psdir='${docdir}'
sbindir='${exec_prefix}/sbin'
sharedstatedir='${prefix}/com'
subdirs=' doc libnosys'
sysconfdir='${prefix}/etc'
target='x86_64-pc-sidos'
target_alias='x86_64-sidos'
target_cpu='x86_64'
target_os='sidos'
target_vendor='pc'

## ------------------- ##
## File substitutions. ##
## ------------------- ##

host_makefile_frag='../../../newlib-4.1.0/libgloss/config/default.mh'

## ----------- ##
## confdefs.h. ##
## ----------- ##

/* confdefs.h */
#define PACKAGE_NAME "libgloss"
#define PACKAGE_TARNAME "libgloss"
#define PACKAGE_VERSION "LIBGLOSS_VERSION"
#define PACKAGE_STRING "libgloss LIBGLOSS_VERSION"
#define PACKAGE_BUGREPORT ""
#define PACKAGE_URL ""

configure: exit 0
